<?xml version="1.0" encoding="UTF-8"?>
<!-- Generated by org.testng.reporters.JUnitXMLReporter -->
<testsuite ignored="0" hostname="DESKTOP-E632GH7" failures="0" tests="15" name="Surefire test" time="17.046" errors="0" timestamp="2024-06-22T16:00:35 GET">
  <testcase classname="Tests.LoginPageTests" name="loginWithWrongPassword" time="0.814"/>
  <testcase classname="Tests.LoginPageTests" name="loginWithWrongPassword" time="0.738"/>
  <testcase classname="Tests.LoginPageTests" name="loginWithWrongPassword" time="0.746"/>
  <testcase classname="Tests.LoginPageTests" name="loginWithWrongUsername" time="0.736"/>
  <testcase classname="Tests.LoginPageTests" name="loginWithWrongUsername" time="0.84"/>
  <testcase classname="Tests.LoginPageTests" name="loginWithWrongUsername" time="0.743"/>
  <testcase classname="Tests.LoginPageTests" name="tryingToLoginWithoutPassword" time="0.142"/>
  <testcase classname="Tests.LoginPageTests" name="tryingToLoginWithoutPassword" time="0.137"/>
  <testcase classname="Tests.LoginPageTests" name="tryingToLoginWithoutPassword" time="0.156"/>
  <testcase classname="Tests.LoginPageTests" name="tryingToLoginWithoutUsername" time="0.131"/>
  <testcase classname="Tests.LoginPageTests" name="tryingToLoginWithoutUsername" time="0.139"/>
  <testcase classname="Tests.LoginPageTests" name="tryingToLoginWithoutUsername" time="0.114"/>
  <testcase classname="Tests.LoginPageTests" name="tryingToLoginWithoutUsernameAndPassword" time="0.079"/>
  <testcase classname="Tests.LoginPageTests" name="tryingToLoginWithoutUsernameAndPassword" time="0.084"/>
  <testcase classname="Tests.LoginPageTests" name="tryingToLoginWithoutUsernameAndPassword" time="0.099"/>
</testsuite> <!-- Surefire test -->
