<?xml version="1.0" encoding="UTF-8"?>
<testsuite xmlns:xsi="http://www.w3.org/2001/XMLSchema-instance" xsi:noNamespaceSchemaLocation="https://maven.apache.org/surefire/maven-surefire-plugin/xsd/surefire-test-report.xsd" version="3.0.1" name="TestSuite" time="15.766" tests="15" errors="0" skipped="0" failures="0">
  <properties>
[...]
</properties>
  <testcase name="loginWithWrongPassword[ქართული](1)" classname="Tests.LoginPageTests" time="0.807">
    <system-err><![CDATA[SLF4J: Failed to load class "org.slf4j.impl.StaticLoggerBinder".
SLF4J: Defaulting to no-operation (NOP) logger implementation
SLF4J: See http://www.slf4j.org/codes.html#StaticLoggerBinder for further details.
Jun 22, 2024 4:22:35 PM org.openqa.selenium.devtools.CdpVersionFinder findNearestMatch
WARNING: Unable to find an exact match for CDP version 126, returning the closest version; found: 125; Please update to a Selenium version that supports CDP version 126
]]></system-err>
  </testcase>
  <testcase name="loginWithWrongPassword[მეგრული](2)" classname="Tests.LoginPageTests" time="0.719"/>
  <testcase name="loginWithWrongPassword[სვანური](3)" classname="Tests.LoginPageTests" time="0.757"/>
  <testcase name="loginWithWrongUsername[ქართული](1)" classname="Tests.LoginPageTests" time="0.786"/>
  <testcase name="loginWithWrongUsername[მეგრული](2)" classname="Tests.LoginPageTests" time="0.737"/>
  <testcase name="loginWithWrongUsername[სვანური](3)" classname="Tests.LoginPageTests" time="0.724"/>
  <testcase name="tryingToLoginWithoutPassword[ქართული](1)" classname="Tests.LoginPageTests" time="0.148"/>
  <testcase name="tryingToLoginWithoutPassword[მეგრული](2)" classname="Tests.LoginPageTests" time="0.141"/>
  <testcase name="tryingToLoginWithoutPassword[სვანური](3)" classname="Tests.LoginPageTests" time="0.139"/>
  <testcase name="tryingToLoginWithoutUsername[ქართული](1)" classname="Tests.LoginPageTests" time="0.13"/>
  <testcase name="tryingToLoginWithoutUsername[მეგრული](2)" classname="Tests.LoginPageTests" time="0.135"/>
  <testcase name="tryingToLoginWithoutUsername[სვანური](3)" classname="Tests.LoginPageTests" time="0.128"/>
  <testcase name="tryingToLoginWithoutUsernameAndPassword[ქართული](1)" classname="Tests.LoginPageTests" time="0.08"/>
  <testcase name="tryingToLoginWithoutUsernameAndPassword[მეგრული](2)" classname="Tests.LoginPageTests" time="0.108"/>
  <testcase name="tryingToLoginWithoutUsernameAndPassword[სვანური](3)" classname="Tests.LoginPageTests" time="0.082"/>
</testsuite>