<?xml version="1.0" encoding="UTF-8"?>
<testng-results ignored="0" total="15" passed="15" failed="0" skipped="0">
  <reporter-output>
  </reporter-output>
  <suite started-at="2024-06-22T16:22:36 GET" name="LoginPageTests" finished-at="2024-06-22T16:22:50 GET" duration-ms="14181">
    <groups>
    </groups>
    <test started-at="2024-06-22T16:22:36 GET" name="Credo Login Page Automation Testing" finished-at="2024-06-22T16:22:50 GET" duration-ms="14181">
      <class name="Tests.LoginPageTests">
        <test-method is-config="true" signature="beforeMethod([Ljava.lang.Object;)[pri:0, instance:Tests.LoginPageTests@45815ffc]" started-at="2024-06-22T16:22:36 GET" name="beforeMethod" finished-at="2024-06-22T16:22:37 GET" duration-ms="1233" status="PASS">
          <params>
            <param index="0">
              <value>
                <![CDATA[[Ljava.lang.Object;@4bafe935]]>
              </value>
            </param>
          </params>
          <reporter-output>
          </reporter-output>
        </test-method> <!-- beforeMethod -->
        <test-method signature="loginWithWrongPassword(java.lang.String)[pri:0, instance:Tests.LoginPageTests@45815ffc]" started-at="2024-06-22T16:22:37 GET" name="loginWithWrongPassword" description="ვცდილობთ სისტემაში შესვლას არასწორი Password-ით" data-provider="languageProvider" finished-at="2024-06-22T16:22:38 GET" duration-ms="807" status="PASS">
          <params>
            <param index="0">
              <value>
                <![CDATA[ქართული]]>
              </value>
            </param>
          </params>
          <reporter-output>
          </reporter-output>
        </test-method> <!-- loginWithWrongPassword -->
        <test-method is-config="true" signature="beforeMethod([Ljava.lang.Object;)[pri:0, instance:Tests.LoginPageTests@45815ffc]" started-at="2024-06-22T16:22:38 GET" name="beforeMethod" finished-at="2024-06-22T16:22:38 GET" duration-ms="448" status="PASS">
          <params>
            <param index="0">
              <value>
                <![CDATA[[Ljava.lang.Object;@87b5b49]]>
              </value>
            </param>
          </params>
          <reporter-output>
          </reporter-output>
        </test-method> <!-- beforeMethod -->
        <test-method signature="loginWithWrongPassword(java.lang.String)[pri:0, instance:Tests.LoginPageTests@45815ffc]" started-at="2024-06-22T16:22:38 GET" name="loginWithWrongPassword" description="ვცდილობთ სისტემაში შესვლას არასწორი Password-ით" data-provider="languageProvider" finished-at="2024-06-22T16:22:39 GET" duration-ms="719" status="PASS">
          <params>
            <param index="0">
              <value>
                <![CDATA[მეგრული]]>
              </value>
            </param>
          </params>
          <reporter-output>
          </reporter-output>
        </test-method> <!-- loginWithWrongPassword -->
        <test-method is-config="true" signature="beforeMethod([Ljava.lang.Object;)[pri:0, instance:Tests.LoginPageTests@45815ffc]" started-at="2024-06-22T16:22:39 GET" name="beforeMethod" finished-at="2024-06-22T16:22:39 GET" duration-ms="384" status="PASS">
          <params>
            <param index="0">
              <value>
                <![CDATA[[Ljava.lang.Object;@4a7a965d]]>
              </value>
            </param>
          </params>
          <reporter-output>
          </reporter-output>
        </test-method> <!-- beforeMethod -->
        <test-method signature="loginWithWrongPassword(java.lang.String)[pri:0, instance:Tests.LoginPageTests@45815ffc]" started-at="2024-06-22T16:22:39 GET" name="loginWithWrongPassword" description="ვცდილობთ სისტემაში შესვლას არასწორი Password-ით" data-provider="languageProvider" finished-at="2024-06-22T16:22:40 GET" duration-ms="757" status="PASS">
          <params>
            <param index="0">
              <value>
                <![CDATA[სვანური]]>
              </value>
            </param>
          </params>
          <reporter-output>
          </reporter-output>
        </test-method> <!-- loginWithWrongPassword -->
        <test-method is-config="true" signature="beforeMethod([Ljava.lang.Object;)[pri:0, instance:Tests.LoginPageTests@45815ffc]" started-at="2024-06-22T16:22:40 GET" name="beforeMethod" finished-at="2024-06-22T16:22:40 GET" duration-ms="379" status="PASS">
          <params>
            <param index="0">
              <value>
                <![CDATA[[Ljava.lang.Object;@507b79f7]]>
              </value>
            </param>
          </params>
          <reporter-output>
          </reporter-output>
        </test-method> <!-- beforeMethod -->
        <test-method signature="loginWithWrongUsername(java.lang.String)[pri:0, instance:Tests.LoginPageTests@45815ffc]" started-at="2024-06-22T16:22:40 GET" name="loginWithWrongUsername" description="ვცდილობთ სისტემაში შესვლას არასწორი Username-ით" data-provider="languageProvider" finished-at="2024-06-22T16:22:41 GET" duration-ms="787" status="PASS">
          <params>
            <param index="0">
              <value>
                <![CDATA[ქართული]]>
              </value>
            </param>
          </params>
          <reporter-output>
          </reporter-output>
        </test-method> <!-- loginWithWrongUsername -->
        <test-method is-config="true" signature="beforeMethod([Ljava.lang.Object;)[pri:0, instance:Tests.LoginPageTests@45815ffc]" started-at="2024-06-22T16:22:41 GET" name="beforeMethod" finished-at="2024-06-22T16:22:42 GET" duration-ms="444" status="PASS">
          <params>
            <param index="0">
              <value>
                <![CDATA[[Ljava.lang.Object;@64a9d48c]]>
              </value>
            </param>
          </params>
          <reporter-output>
          </reporter-output>
        </test-method> <!-- beforeMethod -->
        <test-method signature="loginWithWrongUsername(java.lang.String)[pri:0, instance:Tests.LoginPageTests@45815ffc]" started-at="2024-06-22T16:22:42 GET" name="loginWithWrongUsername" description="ვცდილობთ სისტემაში შესვლას არასწორი Username-ით" data-provider="languageProvider" finished-at="2024-06-22T16:22:42 GET" duration-ms="736" status="PASS">
          <params>
            <param index="0">
              <value>
                <![CDATA[მეგრული]]>
              </value>
            </param>
          </params>
          <reporter-output>
          </reporter-output>
        </test-method> <!-- loginWithWrongUsername -->
        <test-method is-config="true" signature="beforeMethod([Ljava.lang.Object;)[pri:0, instance:Tests.LoginPageTests@45815ffc]" started-at="2024-06-22T16:22:42 GET" name="beforeMethod" finished-at="2024-06-22T16:22:43 GET" duration-ms="358" status="PASS">
          <params>
            <param index="0">
              <value>
                <![CDATA[[Ljava.lang.Object;@365a6a43]]>
              </value>
            </param>
          </params>
          <reporter-output>
          </reporter-output>
        </test-method> <!-- beforeMethod -->
        <test-method signature="loginWithWrongUsername(java.lang.String)[pri:0, instance:Tests.LoginPageTests@45815ffc]" started-at="2024-06-22T16:22:43 GET" name="loginWithWrongUsername" description="ვცდილობთ სისტემაში შესვლას არასწორი Username-ით" data-provider="languageProvider" finished-at="2024-06-22T16:22:43 GET" duration-ms="724" status="PASS">
          <params>
            <param index="0">
              <value>
                <![CDATA[სვანური]]>
              </value>
            </param>
          </params>
          <reporter-output>
          </reporter-output>
        </test-method> <!-- loginWithWrongUsername -->
        <test-method is-config="true" signature="beforeMethod([Ljava.lang.Object;)[pri:0, instance:Tests.LoginPageTests@45815ffc]" started-at="2024-06-22T16:22:43 GET" name="beforeMethod" finished-at="2024-06-22T16:22:44 GET" duration-ms="643" status="PASS">
          <params>
            <param index="0">
              <value>
                <![CDATA[[Ljava.lang.Object;@288cdaab]]>
              </value>
            </param>
          </params>
          <reporter-output>
          </reporter-output>
        </test-method> <!-- beforeMethod -->
        <test-method signature="tryingToLoginWithoutPassword(java.lang.String)[pri:0, instance:Tests.LoginPageTests@45815ffc]" started-at="2024-06-22T16:22:44 GET" name="tryingToLoginWithoutPassword" description="ვცდილობთ სისტემაში შესვლას Password ველის შევსების გარეშე შესვლა ღილაკი ჩათიშული" data-provider="languageProvider" finished-at="2024-06-22T16:22:44 GET" duration-ms="147" status="PASS">
          <params>
            <param index="0">
              <value>
                <![CDATA[ქართული]]>
              </value>
            </param>
          </params>
          <reporter-output>
          </reporter-output>
        </test-method> <!-- tryingToLoginWithoutPassword -->
        <test-method is-config="true" signature="beforeMethod([Ljava.lang.Object;)[pri:0, instance:Tests.LoginPageTests@45815ffc]" started-at="2024-06-22T16:22:44 GET" name="beforeMethod" finished-at="2024-06-22T16:22:45 GET" duration-ms="385" status="PASS">
          <params>
            <param index="0">
              <value>
                <![CDATA[[Ljava.lang.Object;@23b3aa8c]]>
              </value>
            </param>
          </params>
          <reporter-output>
          </reporter-output>
        </test-method> <!-- beforeMethod -->
        <test-method signature="tryingToLoginWithoutPassword(java.lang.String)[pri:0, instance:Tests.LoginPageTests@45815ffc]" started-at="2024-06-22T16:22:45 GET" name="tryingToLoginWithoutPassword" description="ვცდილობთ სისტემაში შესვლას Password ველის შევსების გარეშე შესვლა ღილაკი ჩათიშული" data-provider="languageProvider" finished-at="2024-06-22T16:22:45 GET" duration-ms="140" status="PASS">
          <params>
            <param index="0">
              <value>
                <![CDATA[მეგრული]]>
              </value>
            </param>
          </params>
          <reporter-output>
          </reporter-output>
        </test-method> <!-- tryingToLoginWithoutPassword -->
        <test-method is-config="true" signature="beforeMethod([Ljava.lang.Object;)[pri:0, instance:Tests.LoginPageTests@45815ffc]" started-at="2024-06-22T16:22:45 GET" name="beforeMethod" finished-at="2024-06-22T16:22:46 GET" duration-ms="1165" status="PASS">
          <params>
            <param index="0">
              <value>
                <![CDATA[[Ljava.lang.Object;@99407c2]]>
              </value>
            </param>
          </params>
          <reporter-output>
          </reporter-output>
        </test-method> <!-- beforeMethod -->
        <test-method signature="tryingToLoginWithoutPassword(java.lang.String)[pri:0, instance:Tests.LoginPageTests@45815ffc]" started-at="2024-06-22T16:22:46 GET" name="tryingToLoginWithoutPassword" description="ვცდილობთ სისტემაში შესვლას Password ველის შევსების გარეშე შესვლა ღილაკი ჩათიშული" data-provider="languageProvider" finished-at="2024-06-22T16:22:46 GET" duration-ms="138" status="PASS">
          <params>
            <param index="0">
              <value>
                <![CDATA[სვანური]]>
              </value>
            </param>
          </params>
          <reporter-output>
          </reporter-output>
        </test-method> <!-- tryingToLoginWithoutPassword -->
        <test-method is-config="true" signature="beforeMethod([Ljava.lang.Object;)[pri:0, instance:Tests.LoginPageTests@45815ffc]" started-at="2024-06-22T16:22:46 GET" name="beforeMethod" finished-at="2024-06-22T16:22:46 GET" duration-ms="388" status="PASS">
          <params>
            <param index="0">
              <value>
                <![CDATA[[Ljava.lang.Object;@6c796cc1]]>
              </value>
            </param>
          </params>
          <reporter-output>
          </reporter-output>
        </test-method> <!-- beforeMethod -->
        <test-method signature="tryingToLoginWithoutUsername(java.lang.String)[pri:0, instance:Tests.LoginPageTests@45815ffc]" started-at="2024-06-22T16:22:46 GET" name="tryingToLoginWithoutUsername" description="ვცდილობთ სისტემაში შესვლას Username ველის შევსების გარეშე შესვლა ღილაკი ჩათიშულია" data-provider="languageProvider" finished-at="2024-06-22T16:22:46 GET" duration-ms="130" status="PASS">
          <params>
            <param index="0">
              <value>
                <![CDATA[ქართული]]>
              </value>
            </param>
          </params>
          <reporter-output>
          </reporter-output>
        </test-method> <!-- tryingToLoginWithoutUsername -->
        <test-method is-config="true" signature="beforeMethod([Ljava.lang.Object;)[pri:0, instance:Tests.LoginPageTests@45815ffc]" started-at="2024-06-22T16:22:46 GET" name="beforeMethod" finished-at="2024-06-22T16:22:47 GET" duration-ms="871" status="PASS">
          <params>
            <param index="0">
              <value>
                <![CDATA[[Ljava.lang.Object;@226eba67]]>
              </value>
            </param>
          </params>
          <reporter-output>
          </reporter-output>
        </test-method> <!-- beforeMethod -->
        <test-method signature="tryingToLoginWithoutUsername(java.lang.String)[pri:0, instance:Tests.LoginPageTests@45815ffc]" started-at="2024-06-22T16:22:47 GET" name="tryingToLoginWithoutUsername" description="ვცდილობთ სისტემაში შესვლას Username ველის შევსების გარეშე შესვლა ღილაკი ჩათიშულია" data-provider="languageProvider" finished-at="2024-06-22T16:22:48 GET" duration-ms="135" status="PASS">
          <params>
            <param index="0">
              <value>
                <![CDATA[მეგრული]]>
              </value>
            </param>
          </params>
          <reporter-output>
          </reporter-output>
        </test-method> <!-- tryingToLoginWithoutUsername -->
        <test-method is-config="true" signature="beforeMethod([Ljava.lang.Object;)[pri:0, instance:Tests.LoginPageTests@45815ffc]" started-at="2024-06-22T16:22:48 GET" name="beforeMethod" finished-at="2024-06-22T16:22:48 GET" duration-ms="474" status="PASS">
          <params>
            <param index="0">
              <value>
                <![CDATA[[Ljava.lang.Object;@1cb7936c]]>
              </value>
            </param>
          </params>
          <reporter-output>
          </reporter-output>
        </test-method> <!-- beforeMethod -->
        <test-method signature="tryingToLoginWithoutUsername(java.lang.String)[pri:0, instance:Tests.LoginPageTests@45815ffc]" started-at="2024-06-22T16:22:48 GET" name="tryingToLoginWithoutUsername" description="ვცდილობთ სისტემაში შესვლას Username ველის შევსების გარეშე შესვლა ღილაკი ჩათიშულია" data-provider="languageProvider" finished-at="2024-06-22T16:22:48 GET" duration-ms="127" status="PASS">
          <params>
            <param index="0">
              <value>
                <![CDATA[სვანური]]>
              </value>
            </param>
          </params>
          <reporter-output>
          </reporter-output>
        </test-method> <!-- tryingToLoginWithoutUsername -->
        <test-method is-config="true" signature="beforeMethod([Ljava.lang.Object;)[pri:0, instance:Tests.LoginPageTests@45815ffc]" started-at="2024-06-22T16:22:48 GET" name="beforeMethod" finished-at="2024-06-22T16:22:49 GET" duration-ms="410" status="PASS">
          <params>
            <param index="0">
              <value>
                <![CDATA[[Ljava.lang.Object;@35342d2f]]>
              </value>
            </param>
          </params>
          <reporter-output>
          </reporter-output>
        </test-method> <!-- beforeMethod -->
        <test-method signature="tryingToLoginWithoutUsernameAndPassword(java.lang.String)[pri:0, instance:Tests.LoginPageTests@45815ffc]" started-at="2024-06-22T16:22:49 GET" name="tryingToLoginWithoutUsernameAndPassword" description="ვცდილობთ სისტემაში შესვლას Username Password ველის შევსების გარეშე შესვლა ღილაკი ჩათიშული" data-provider="languageProvider" finished-at="2024-06-22T16:22:49 GET" duration-ms="80" status="PASS">
          <params>
            <param index="0">
              <value>
                <![CDATA[ქართული]]>
              </value>
            </param>
          </params>
          <reporter-output>
          </reporter-output>
        </test-method> <!-- tryingToLoginWithoutUsernameAndPassword -->
        <test-method is-config="true" signature="beforeMethod([Ljava.lang.Object;)[pri:0, instance:Tests.LoginPageTests@45815ffc]" started-at="2024-06-22T16:22:49 GET" name="beforeMethod" finished-at="2024-06-22T16:22:49 GET" duration-ms="407" status="PASS">
          <params>
            <param index="0">
              <value>
                <![CDATA[[Ljava.lang.Object;@128c502c]]>
              </value>
            </param>
          </params>
          <reporter-output>
          </reporter-output>
        </test-method> <!-- beforeMethod -->
        <test-method signature="tryingToLoginWithoutUsernameAndPassword(java.lang.String)[pri:0, instance:Tests.LoginPageTests@45815ffc]" started-at="2024-06-22T16:22:49 GET" name="tryingToLoginWithoutUsernameAndPassword" description="ვცდილობთ სისტემაში შესვლას Username Password ველის შევსების გარეშე შესვლა ღილაკი ჩათიშული" data-provider="languageProvider" finished-at="2024-06-22T16:22:49 GET" duration-ms="108" status="PASS">
          <params>
            <param index="0">
              <value>
                <![CDATA[მეგრული]]>
              </value>
            </param>
          </params>
          <reporter-output>
          </reporter-output>
        </test-method> <!-- tryingToLoginWithoutUsernameAndPassword -->
        <test-method is-config="true" signature="beforeMethod([Ljava.lang.Object;)[pri:0, instance:Tests.LoginPageTests@45815ffc]" started-at="2024-06-22T16:22:49 GET" name="beforeMethod" finished-at="2024-06-22T16:22:50 GET" duration-ms="397" status="PASS">
          <params>
            <param index="0">
              <value>
                <![CDATA[[Ljava.lang.Object;@45667d98]]>
              </value>
            </param>
          </params>
          <reporter-output>
          </reporter-output>
        </test-method> <!-- beforeMethod -->
        <test-method signature="tryingToLoginWithoutUsernameAndPassword(java.lang.String)[pri:0, instance:Tests.LoginPageTests@45815ffc]" started-at="2024-06-22T16:22:50 GET" name="tryingToLoginWithoutUsernameAndPassword" description="ვცდილობთ სისტემაში შესვლას Username Password ველის შევსების გარეშე შესვლა ღილაკი ჩათიშული" data-provider="languageProvider" finished-at="2024-06-22T16:22:50 GET" duration-ms="81" status="PASS">
          <params>
            <param index="0">
              <value>
                <![CDATA[სვანური]]>
              </value>
            </param>
          </params>
          <reporter-output>
          </reporter-output>
        </test-method> <!-- tryingToLoginWithoutUsernameAndPassword -->
        <test-method is-config="true" signature="tearDown()[pri:0, instance:Tests.LoginPageTests@45815ffc]" started-at="2024-06-22T16:22:50 GET" name="tearDown" finished-at="2024-06-22T16:22:50 GET" duration-ms="123" status="PASS">
          <reporter-output>
          </reporter-output>
        </test-method> <!-- tearDown -->
      </class> <!-- Tests.LoginPageTests -->
    </test> <!-- Credo Login Page Automation Testing -->
  </suite> <!-- LoginPageTests -->
</testng-results>
