<?xml version="1.0" encoding="UTF-8"?>
<!-- Generated by org.testng.reporters.JUnitXMLReporter -->
<testsuite ignored="0" hostname="DESKTOP-E632GH7" failures="0" tests="15" name="Credo Login Page Automation Testing" time="14.181" errors="0" timestamp="2024-06-22T16:22:50 GET">
  <testcase classname="Tests.LoginPageTests" name="loginWithWrongPassword" time="0.807"/>
  <testcase classname="Tests.LoginPageTests" name="loginWithWrongPassword" time="0.719"/>
  <testcase classname="Tests.LoginPageTests" name="loginWithWrongPassword" time="0.757"/>
  <testcase classname="Tests.LoginPageTests" name="loginWithWrongUsername" time="0.787"/>
  <testcase classname="Tests.LoginPageTests" name="loginWithWrongUsername" time="0.736"/>
  <testcase classname="Tests.LoginPageTests" name="loginWithWrongUsername" time="0.724"/>
  <testcase classname="Tests.LoginPageTests" name="tryingToLoginWithoutPassword" time="0.147"/>
  <testcase classname="Tests.LoginPageTests" name="tryingToLoginWithoutPassword" time="0.14"/>
  <testcase classname="Tests.LoginPageTests" name="tryingToLoginWithoutPassword" time="0.138"/>
  <testcase classname="Tests.LoginPageTests" name="tryingToLoginWithoutUsername" time="0.13"/>
  <testcase classname="Tests.LoginPageTests" name="tryingToLoginWithoutUsername" time="0.135"/>
  <testcase classname="Tests.LoginPageTests" name="tryingToLoginWithoutUsername" time="0.127"/>
  <testcase classname="Tests.LoginPageTests" name="tryingToLoginWithoutUsernameAndPassword" time="0.08"/>
  <testcase classname="Tests.LoginPageTests" name="tryingToLoginWithoutUsernameAndPassword" time="0.108"/>
  <testcase classname="Tests.LoginPageTests" name="tryingToLoginWithoutUsernameAndPassword" time="0.081"/>
</testsuite> <!-- Credo Login Page Automation Testing -->
